Build started 10/04/2014 02:14:10.
     1>Project "C:\Users\Ethan\Desktop\MicroPuzzle\MicroPuzzle\MicroPuzzle.vcxproj" on node 2 (build target(s)).
     1>InitializeBuildStatus:
         Creating "Debug\MicroPuzzle.unsuccessfulbuild" because "AlwaysCreate" was specified.
       ClCompile:
         All outputs are up-to-date.
         c:\Program Files (x86)\Microsoft Visual Studio 10.0\VC\bin\CL.exe /c /ZI /nologo /W3 /WX- /Od /Oy- /D WIN32 /D _DEBUG /D _CONSOLE /D _UNICODE /D UNICODE /Gm /EHsc /RTC1 /MDd /GS /fp:precise /Zc:wchar_t /Zc:forScope /Yu"StdAfx.h" /Fp"Debug\MicroPuzzle.pch" /Fo"Debug\\" /Fd"Debug\vc100.pdb" /Gd /TP /analyze- /errorReport:prompt Game.cpp
         Game.cpp
     1>c:\users\ethan\desktop\micropuzzle\micropuzzle\game.cpp(259): warning C4018: '<' : signed/unsigned mismatch
     1>c:\users\ethan\desktop\micropuzzle\micropuzzle\game.cpp(291): warning C4018: '<' : signed/unsigned mismatch
     1>c:\users\ethan\desktop\micropuzzle\micropuzzle\game.cpp(323): warning C4018: '<' : signed/unsigned mismatch
     1>c:\users\ethan\desktop\micropuzzle\micropuzzle\game.cpp(377): warning C4018: '<' : signed/unsigned mismatch
     1>c:\users\ethan\desktop\micropuzzle\micropuzzle\game.cpp(399): warning C4018: '<' : signed/unsigned mismatch
     1>c:\users\ethan\desktop\micropuzzle\micropuzzle\game.cpp(435): warning C4018: '<' : signed/unsigned mismatch
     1>c:\users\ethan\desktop\micropuzzle\micropuzzle\game.cpp(648): warning C4018: '<' : signed/unsigned mismatch
     1>c:\users\ethan\desktop\micropuzzle\micropuzzle\game.cpp(689): warning C4018: '<' : signed/unsigned mismatch
     1>c:\users\ethan\desktop\micropuzzle\micropuzzle\game.cpp(698): warning C4018: '<' : signed/unsigned mismatch
     1>c:\users\ethan\desktop\micropuzzle\micropuzzle\game.cpp(739): warning C4018: '<' : signed/unsigned mismatch
     1>c:\users\ethan\desktop\micropuzzle\micropuzzle\game.cpp(781): warning C4018: '<' : signed/unsigned mismatch
     1>c:\users\ethan\desktop\micropuzzle\micropuzzle\game.cpp(811): warning C4018: '<' : signed/unsigned mismatch
     1>c:\users\ethan\desktop\micropuzzle\micropuzzle\game.cpp(852): warning C4018: '<' : signed/unsigned mismatch
     1>c:\users\ethan\desktop\micropuzzle\micropuzzle\game.cpp(902): warning C4018: '<' : signed/unsigned mismatch
     1>c:\users\ethan\desktop\micropuzzle\micropuzzle\game.cpp(924): warning C4018: '<' : signed/unsigned mismatch
     1>c:\users\ethan\desktop\micropuzzle\micropuzzle\game.cpp(989): warning C4018: '<' : signed/unsigned mismatch
     1>c:\users\ethan\desktop\micropuzzle\micropuzzle\game.cpp(1007): warning C4018: '<' : signed/unsigned mismatch
     1>c:\users\ethan\desktop\micropuzzle\micropuzzle\game.cpp(1022): warning C4018: '<' : signed/unsigned mismatch
     1>c:\users\ethan\desktop\micropuzzle\micropuzzle\game.cpp(1138): warning C4018: '<' : signed/unsigned mismatch
     1>c:\users\ethan\desktop\micropuzzle\micropuzzle\game.cpp(1155): warning C4018: '<' : signed/unsigned mismatch
       ManifestResourceCompile:
         All outputs are up-to-date.
       Link:
         c:\Program Files (x86)\Microsoft Visual Studio 10.0\VC\bin\link.exe /ERRORREPORT:PROMPT /OUT:"C:\Users\Ethan\Desktop\MicroPuzzle\Debug\MicroPuzzle.exe" /INCREMENTAL /NOLOGO kernel32.lib user32.lib gdi32.lib winspool.lib comdlg32.lib advapi32.lib shell32.lib ole32.lib oleaut32.lib uuid.lib odbc32.lib odbccp32.lib /MANIFEST /ManifestFile:"Debug\MicroPuzzle.exe.intermediate.manifest" /MANIFESTUAC:"level='asInvoker' uiAccess='false'" /DEBUG /PDB:"C:\Users\Ethan\Desktop\MicroPuzzle\Debug\MicroPuzzle.pdb" /SUBSYSTEM:CONSOLE /TLBID:1 /DYNAMICBASE /NXCOMPAT /IMPLIB:"C:\Users\Ethan\Desktop\MicroPuzzle\Debug\MicroPuzzle.lib" /MACHINE:X86 Debug\MicroPuzzle.exe.embed.manifest.res
         Debug\Game.obj
         Debug\Map.obj
         Debug\microPuzzleMain.obj
         Debug\Object.obj
         Debug\Player.obj
         Debug\Room.obj
         Debug\stdafx.obj
         Debug\Verb.obj
       Manifest:
         C:\Program Files (x86)\Microsoft SDKs\Windows\v7.0A\bin\mt.exe /nologo /verbose /out:"Debug\MicroPuzzle.exe.embed.manifest" /manifest Debug\MicroPuzzle.exe.intermediate.manifest
         All outputs are up-to-date.
       LinkEmbedManifest:
         All outputs are up-to-date.
         MicroPuzzle.vcxproj -> C:\Users\Ethan\Desktop\MicroPuzzle\Debug\MicroPuzzle.exe
       FinalizeBuildStatus:
         Deleting file "Debug\MicroPuzzle.unsuccessfulbuild".
         Touching "Debug\MicroPuzzle.lastbuildstate".
     1>Done Building Project "C:\Users\Ethan\Desktop\MicroPuzzle\MicroPuzzle\MicroPuzzle.vcxproj" (build target(s)).

Build succeeded.

Time Elapsed 00:00:01.20
